/* Tue Mar  4 22:33:12.694 2014 conn 1 real 0.000 wall 0.000 found 4 */ SELECT * FROM text_text;
/* Tue Mar  4 22:35:11.326 2014 conn 1 real 0.000 wall 0.000 found 1 */ SELECT * FROM text_text WHERE MATCH('hello');
/* Tue Mar  4 23:59:33.659 2014 conn 41 real 0.000 wall 0.000 found 1 */ SELECT * FROM text_text WHERE MATCH('hello') OPTION ranker=proximity;
/* Wed Mar  5 00:00:19.967 2014 conn 42 real 0.000 wall 0.000 found 1 */ SELECT * FROM text_text WHERE MATCH('hello') OPTION ranker=proximity;
/* Wed Mar  5 00:09:13.136 2014 conn 43 real 0.000 wall 0.000 found 1 */ SELECT * FROM text_text WHERE MATCH('hello') OPTION ranker=proximity;
/* Wed Mar  5 00:09:23.756 2014 conn 44 real 0.000 wall 0.000 found 1 */ SELECT * FROM text_text WHERE MATCH('hello') OPTION ranker=proximity;
/* Wed Mar  5 00:10:00.924 2014 conn 45 real 0.000 wall 0.000 found 1 */ SELECT * FROM text_text WHERE MATCH('hello') OPTION ranker=proximity;
/* Wed Mar  5 00:19:47.670 2014 conn 46 real 0.000 wall 0.000 found 4 */ SELECT * FROM text_text OPTION ranker=proximity;
/* Wed Mar  5 00:20:01.390 2014 conn 47 real 0.000 wall 0.000 found 4 */ SELECT * FROM text_text OPTION ranker=proximity;
/* Wed Mar  5 00:20:15.177 2014 conn 48 real 0.000 wall 0.000 found 4 */ SELECT * FROM text_text OPTION ranker=proximity;
/* Wed Mar  5 00:20:33.345 2014 conn 49 real 0.000 wall 0.000 found 4 */ SELECT * FROM text_text OPTION ranker=proximity;
/* Wed Mar  5 00:21:23.333 2014 conn 50 real 0.000 wall 0.000 found 4 */ SELECT * FROM text_text OPTION ranker=proximity;
/* Wed Mar  5 00:35:21.829 2014 conn 51 real 0.000 wall 0.000 found 4 */ SELECT * FROM text_text OPTION ranker=proximity;
/* Wed Mar  5 00:35:45.991 2014 conn 52 real 0.000 wall 0.000 found 4 */ SELECT * FROM text_text OPTION ranker=proximity;
/* Wed Mar  5 00:36:16.763 2014 conn 53 real 0.000 wall 0.000 found 4 */ SELECT * FROM text_text OPTION ranker=proximity;
/* Wed Mar  5 00:36:41.610 2014 conn 54 real 0.000 wall 0.000 found 4 */ SELECT * FROM text_text OPTION ranker=proximity;
/* Wed Mar  5 00:36:42.335 2014 conn 55 real 0.000 wall 0.000 found 4 */ SELECT * FROM text_text OPTION ranker=proximity;
/* Wed Mar  5 00:36:42.524 2014 conn 56 real 0.000 wall 0.000 found 4 */ SELECT * FROM text_text OPTION ranker=proximity;
/* Wed Mar  5 00:37:01.936 2014 conn 57 real 0.000 wall 0.000 found 4 */ SELECT * FROM text_text OPTION ranker=proximity;
/* Wed Mar  5 00:37:22.366 2014 conn 58 real 0.000 wall 0.000 found 4 */ SELECT * FROM text_text OPTION ranker=proximity;
/* Wed Mar  5 00:37:38.181 2014 conn 59 real 0.000 wall 0.000 found 4 */ SELECT * FROM text_text OPTION ranker=proximity;
/* Wed Mar  5 00:38:16.848 2014 conn 60 real 0.000 wall 0.000 found 4 */ SELECT * FROM text_text OPTION ranker=proximity;
/* Wed Mar  5 00:38:47.697 2014 conn 61 real 0.000 wall 0.000 found 4 */ SELECT * FROM text_text OPTION ranker=proximity;
/* Wed Mar  5 00:39:03.058 2014 conn 62 real 0.000 wall 0.000 found 4 */ SELECT * FROM text_text OPTION ranker=proximity;
/* Wed Mar  5 00:40:03.459 2014 conn 63 real 0.000 wall 0.000 found 4 */ SELECT * FROM text_text OPTION ranker=proximity;
/* Wed Mar  5 00:40:21.045 2014 conn 64 real 0.000 wall 0.000 found 4 */ SELECT * FROM text_text OPTION ranker=proximity;
/* Wed Mar  5 00:40:38.794 2014 conn 65 real 0.000 wall 0.000 found 4 */ SELECT * FROM text_text OPTION ranker=proximity;
/* Wed Mar  5 00:40:45.877 2014 conn 66 real 0.000 wall 0.000 found 4 */ SELECT * FROM text_text OPTION ranker=proximity;
/* Wed Mar  5 00:41:08.646 2014 conn 67 real 0.000 wall 0.000 found 1 */ SELECT * FROM text_text WHERE MATCH('hello') OPTION ranker=proximity;
/* Wed Mar  5 00:41:48.356 2014 conn 68 real 0.000 wall 0.000 found 4 */ SELECT * FROM text_text OPTION ranker=proximity;
/* Wed Mar  5 00:42:13.402 2014 conn 69 real 0.000 wall 0.000 found 4 */ SELECT * FROM text_text OPTION ranker=proximity;
/* Wed Mar  5 00:42:43.767 2014 conn 70 real 0.000 wall 0.000 found 4 */ SELECT * FROM text_text OPTION ranker=proximity;
/* Wed Mar  5 00:43:30.671 2014 conn 71 real 0.000 wall 0.000 found 1 */ SELECT * FROM text_text WHERE MATCH('world') OPTION ranker=proximity;
/* Wed Mar  5 00:43:44.491 2014 conn 72 real 0.000 wall 0.000 found 1 */ SELECT * FROM text_text WHERE MATCH('hello') OPTION ranker=proximity;
/* Wed Mar  5 00:47:54.583 2014 conn 73 real 0.000 wall 0.000 found 4 */ SELECT * FROM text_text OPTION ranker=proximity;
/* Wed Mar  5 00:50:22.092 2014 conn 74 real 0.000 wall 0.000 found 4 */ SELECT * FROM text_text OPTION ranker=proximity;
/* Wed Mar  5 00:50:30.906 2014 conn 75 real 0.000 wall 0.000 found 4 */ SELECT * FROM text_text OPTION ranker=proximity;
/* Wed Mar  5 00:50:39.194 2014 conn 76 real 0.000 wall 0.000 found 4 */ SELECT * FROM text_text OPTION ranker=proximity;
/* Wed Mar  5 00:51:40.750 2014 conn 77 real 0.000 wall 0.000 found 4 */ SELECT * FROM text_text OPTION ranker=proximity;
/* Wed Mar  5 00:52:25.081 2014 conn 78 real 0.000 wall 0.000 found 0 */ SELECT * FROM text_text WHERE MATCH('aaa') OPTION ranker=proximity;
/* Wed Mar  5 00:52:30.773 2014 conn 79 real 0.000 wall 0.000 found 1 */ SELECT * FROM text_text WHERE MATCH('world') OPTION ranker=proximity;
/* Wed Mar  5 00:57:42.706 2014 conn 80 real 0.000 wall 0.000 found 1 */ SELECT * FROM text_text WHERE MATCH('world') OPTION ranker=proximity;
/* Wed Mar  5 00:58:09.058 2014 conn 81 real 0.000 wall 0.000 found 1 */ SELECT * FROM text_text WHERE MATCH('world') OPTION ranker=proximity;
/* Wed Mar  5 00:58:18.129 2014 conn 82 real 0.000 wall 0.000 found 0 */ SELECT * FROM text_text WHERE MATCH('aa') OPTION ranker=proximity;
/* Wed Mar  5 00:58:20.596 2014 conn 83 real 0.000 wall 0.000 found 0 */ SELECT * FROM text_text WHERE MATCH('a') OPTION ranker=proximity;
/* Wed Mar  5 00:58:26.475 2014 conn 84 real 0.000 wall 0.000 found 1 */ SELECT * FROM text_text WHERE MATCH('hello') OPTION ranker=proximity;
/* Wed Mar  5 00:58:39.835 2014 conn 85 real 0.024 wall 0.024 found 0 */ SELECT * FROM text_text WHERE MATCH('hello world') OPTION ranker=proximity; /* warning=query time exceeded max_query_time */
/* Wed Mar  5 00:58:42.423 2014 conn 86 real 0.017 wall 0.017 found 0 */ SELECT * FROM text_text WHERE MATCH('hello world') OPTION ranker=proximity; /* warning=query time exceeded max_query_time */
/* Wed Mar  5 00:58:45.933 2014 conn 87 real 0.000 wall 0.000 found 1 */ SELECT * FROM text_text WHERE MATCH('hello ') OPTION ranker=proximity;
/* Wed Mar  5 00:58:52.208 2014 conn 88 real 0.000 wall 0.000 found 1 */ SELECT * FROM text_text WHERE MATCH('world') OPTION ranker=proximity;
/* Wed Mar  5 00:58:52.967 2014 conn 89 real 0.000 wall 0.000 found 1 */ SELECT * FROM text_text WHERE MATCH('world') OPTION ranker=proximity;
/* Wed Mar  5 00:58:53.247 2014 conn 90 real 0.000 wall 0.000 found 1 */ SELECT * FROM text_text WHERE MATCH('world') OPTION ranker=proximity;
/* Wed Mar  5 00:58:53.470 2014 conn 91 real 0.000 wall 0.000 found 1 */ SELECT * FROM text_text WHERE MATCH('world') OPTION ranker=proximity;
/* Wed Mar  5 00:58:56.824 2014 conn 92 real 0.000 wall 0.000 found 1 */ SELECT * FROM text_text WHERE MATCH('world hello') OPTION ranker=proximity;
/* Wed Mar  5 00:58:57.269 2014 conn 93 real 0.000 wall 0.000 found 1 */ SELECT * FROM text_text WHERE MATCH('world hello') OPTION ranker=proximity;
/* Wed Mar  5 00:58:57.978 2014 conn 94 real 0.000 wall 0.000 found 1 */ SELECT * FROM text_text WHERE MATCH('world hello') OPTION ranker=proximity;
/* Wed Mar  5 00:58:59.481 2014 conn 95 real 0.000 wall 0.000 found 1 */ SELECT * FROM text_text WHERE MATCH('world hello') OPTION ranker=proximity;
/* Wed Mar  5 00:59:05.359 2014 conn 96 real 0.000 wall 0.000 found 1 */ SELECT * FROM text_text WHERE MATCH('hello world') OPTION ranker=proximity;
/* Wed Mar  5 00:59:05.882 2014 conn 97 real 0.000 wall 0.000 found 1 */ SELECT * FROM text_text WHERE MATCH('hello world') OPTION ranker=proximity;
/* Wed Mar  5 00:59:13.131 2014 conn 98 real 0.000 wall 0.000 found 1 */ SELECT * FROM text_text WHERE MATCH('hello world') OPTION ranker=proximity;
/* Wed Mar  5 00:59:18.925 2014 conn 99 real 0.000 wall 0.000 found 1 */ SELECT * FROM text_text WHERE MATCH('ni hao') OPTION ranker=proximity;
/* Wed Mar  5 00:59:24.514 2014 conn 100 real 0.000 wall 0.000 found 0 */ SELECT * FROM text_text WHERE MATCH('zhong') OPTION ranker=proximity;
/* Wed Mar  5 00:59:27.990 2014 conn 101 real 0.000 wall 0.000 found 1 */ SELECT * FROM text_text WHERE MATCH('zhongguo') OPTION ranker=proximity;
/* Wed Mar  5 00:59:51.549 2014 conn 102 real 0.000 wall 0.000 found 1 */ SELECT * FROM text_text WHERE MATCH('617') OPTION ranker=proximity;
/* Wed Mar  5 01:00:18.510 2014 conn 103 real 0.000 wall 0.000 found 1 */ SELECT * FROM text_text WHERE MATCH('617') OPTION ranker=proximity;
/* Wed Mar  5 10:45:57.649 2014 conn 104 real 0.000 wall 0.000 found 1 */ SELECT * FROM text_text WHERE MATCH('hao') OPTION ranker=proximity;
/* Wed Mar  5 10:47:14.990 2014 conn 105 real 0.000 wall 0.000 found 0 */ SELECT * FROM text_text WHERE MATCH('PNG') OPTION ranker=proximity;
/* Wed Mar  5 10:47:19.003 2014 conn 106 real 0.000 wall 0.000 found 0 */ SELECT * FROM text_text WHERE MATCH('PNG?') OPTION ranker=proximity;
/* Wed Mar  5 10:47:24.258 2014 conn 107 real 0.000 wall 0.000 found 1 */ SELECT * FROM text_text WHERE MATCH('hello') OPTION ranker=proximity;
/* Wed Mar  5 10:47:30.065 2014 conn 108 real 0.000 wall 0.000 found 1 */ SELECT * FROM text_text WHERE MATCH('hello world') OPTION ranker=proximity;
/* Wed Mar  5 10:47:32.408 2014 conn 109 real 0.000 wall 0.000 found 0 */ SELECT * FROM text_text WHERE MATCH('a') OPTION ranker=proximity;
/* Wed Mar  5 10:47:37.932 2014 conn 110 real 0.000 wall 0.000 found 1 */ SELECT * FROM text_text WHERE MATCH('617') OPTION ranker=proximity;
/* Wed Mar  5 10:48:07.062 2014 conn 111 real 0.000 wall 0.000 found 0 */ SELECT * FROM text_text WHERE MATCH('A') OPTION ranker=proximity;
/* Wed Mar  5 10:49:55.806 2014 conn 112 real 0.000 wall 0.000 found 1 */ SELECT * FROM text_text WHERE MATCH('dog') OPTION ranker=proximity;
/* Wed Mar  5 10:51:15.528 2014 conn 113 real 0.000 wall 0.000 found 1 */ SELECT * FROM text_text WHERE MATCH('survey') OPTION ranker=proximity;
/* Wed Mar  5 10:51:25.000 2014 conn 114 real 0.000 wall 0.000 found 0 */ SELECT * FROM text_text WHERE MATCH('approaches') OPTION ranker=proximity;
/* Wed Mar  5 10:51:28.363 2014 conn 115 real 0.000 wall 0.000 found 0 */ SELECT * FROM text_text WHERE MATCH('approach') OPTION ranker=proximity;
/* Wed Mar  5 10:51:32.946 2014 conn 116 real 0.000 wall 0.000 found 0 */ SELECT * FROM text_text WHERE MATCH('an') OPTION ranker=proximity;
/* Wed Mar  5 11:11:47.997 2014 conn 117 real 0.000 wall 0.000 found 0 */ SELECT * FROM text_text WHERE MATCH('GOTZ') OPTION ranker=proximity;
/* Wed Mar  5 11:12:19.813 2014 conn 118 real 0.000 wall 0.000 found 1 */ SELECT * FROM text_text WHERE MATCH('617') OPTION ranker=proximity;
/* Wed Mar  5 11:12:20.627 2014 conn 119 real 0.000 wall 0.000 found 1 */ SELECT * FROM text_text WHERE MATCH('617') OPTION ranker=proximity;
/* Wed Mar  5 11:12:21.126 2014 conn 120 real 0.000 wall 0.000 found 1 */ SELECT * FROM text_text WHERE MATCH('617') OPTION ranker=proximity;
/* Wed Mar  5 11:12:21.326 2014 conn 121 real 0.000 wall 0.000 found 1 */ SELECT * FROM text_text WHERE MATCH('617') OPTION ranker=proximity;
/* Wed Mar  5 11:12:21.510 2014 conn 122 real 0.000 wall 0.000 found 1 */ SELECT * FROM text_text WHERE MATCH('617') OPTION ranker=proximity;
/* Wed Mar  5 11:12:21.702 2014 conn 123 real 0.000 wall 0.000 found 1 */ SELECT * FROM text_text WHERE MATCH('617') OPTION ranker=proximity;
/* Wed Mar  5 11:12:21.898 2014 conn 124 real 0.000 wall 0.000 found 1 */ SELECT * FROM text_text WHERE MATCH('617') OPTION ranker=proximity;
/* Wed Mar  5 11:12:23.119 2014 conn 125 real 0.000 wall 0.000 found 1 */ SELECT * FROM text_text WHERE MATCH('617') OPTION ranker=proximity;
/* Wed Mar  5 11:12:23.337 2014 conn 126 real 0.000 wall 0.000 found 1 */ SELECT * FROM text_text WHERE MATCH('617') OPTION ranker=proximity;
/* Wed Mar  5 11:12:23.563 2014 conn 127 real 0.000 wall 0.000 found 1 */ SELECT * FROM text_text WHERE MATCH('617') OPTION ranker=proximity;
/* Wed Mar  5 11:12:27.354 2014 conn 128 real 0.000 wall 0.000 found 1 */ SELECT * FROM text_text WHERE MATCH('617') OPTION ranker=proximity;
/* Wed Mar  5 11:15:26.346 2014 conn 129 real 0.000 wall 0.000 found 1 */ SELECT * FROM text_text WHERE MATCH('617') OPTION ranker=proximity;
/* Wed Mar  5 11:15:26.938 2014 conn 130 real 0.000 wall 0.000 found 1 */ SELECT * FROM text_text WHERE MATCH('617') OPTION ranker=proximity;
/* Wed Mar  5 11:15:27.134 2014 conn 131 real 0.000 wall 0.000 found 1 */ SELECT * FROM text_text WHERE MATCH('617') OPTION ranker=proximity;
/* Wed Mar  5 11:15:31.014 2014 conn 132 real 0.000 wall 0.000 found 1 */ SELECT * FROM text_text WHERE MATCH('617') OPTION ranker=proximity;
/* Wed Mar  5 11:23:31.117 2014 conn 133 real 0.000 wall 0.000 found 4 */ SELECT * FROM text_text;
/* Wed Mar  5 11:25:10.876 2014 conn 133 real 0.000 wall 0.000 found 4 */ SELECT * FROM text_text;
/* Wed Mar  5 11:25:12.868 2014 conn 133 real 0.000 wall 0.000 found 4 */ SELECT * FROM text_text;
/* Wed Mar  5 11:25:13.692 2014 conn 133 real 0.000 wall 0.000 found 4 */ SELECT * FROM text_text;
/* Wed Mar  5 11:25:15.828 2014 conn 133 real 0.000 wall 0.000 found 4 */ SELECT * FROM text_text;
/* Wed Mar  5 11:25:16.836 2014 conn 133 real 0.000 wall 0.000 found 4 */ SELECT * FROM text_text;
/* Wed Mar  5 11:25:22.996 2014 conn 133 real 0.000 wall 0.000 found 4 */ SELECT * FROM text_text;
/* Wed Mar  5 11:25:24.900 2014 conn 133 real 0.000 wall 0.000 found 4 */ SELECT * FROM text_text;
/* Wed Mar  5 11:25:25.540 2014 conn 133 real 0.000 wall 0.000 found 4 */ SELECT * FROM text_text;
/* Wed Mar  5 11:25:26.076 2014 conn 133 real 0.000 wall 0.000 found 4 */ SELECT * FROM text_text;
/* Wed Mar  5 11:25:26.621 2014 conn 133 real 0.000 wall 0.000 found 4 */ SELECT * FROM text_text;
/* Wed Mar  5 11:25:38.277 2014 conn 134 real 0.000 wall 0.000 found 8 */ SELECT * FROM text_text;
/* Wed Mar  5 11:33:43.757 2014 conn 135 real 0.000 wall 0.000 found 0 */ SELECT * FROM text_text WHERE MATCH('this') OPTION ranker=proximity;
/* Wed Mar  5 11:33:44.504 2014 conn 136 real 0.000 wall 0.000 found 0 */ SELECT * FROM text_text WHERE MATCH('this') OPTION ranker=proximity;
/* Wed Mar  5 11:33:44.827 2014 conn 137 real 0.000 wall 0.000 found 0 */ SELECT * FROM text_text WHERE MATCH('this') OPTION ranker=proximity;
/* Wed Mar  5 11:33:45.015 2014 conn 138 real 0.000 wall 0.000 found 0 */ SELECT * FROM text_text WHERE MATCH('this') OPTION ranker=proximity;
/* Wed Mar  5 11:33:45.188 2014 conn 139 real 0.000 wall 0.000 found 0 */ SELECT * FROM text_text WHERE MATCH('this') OPTION ranker=proximity;
/* Wed Mar  5 11:33:45.377 2014 conn 140 real 0.000 wall 0.000 found 0 */ SELECT * FROM text_text WHERE MATCH('this') OPTION ranker=proximity;
/* Wed Mar  5 11:33:45.522 2014 conn 141 real 0.000 wall 0.000 found 0 */ SELECT * FROM text_text WHERE MATCH('this') OPTION ranker=proximity;
/* Wed Mar  5 11:33:45.723 2014 conn 142 real 0.000 wall 0.000 found 0 */ SELECT * FROM text_text WHERE MATCH('this') OPTION ranker=proximity;
/* Wed Mar  5 11:33:45.900 2014 conn 143 real 0.000 wall 0.000 found 0 */ SELECT * FROM text_text WHERE MATCH('this') OPTION ranker=proximity;
/* Wed Mar  5 11:35:17.225 2014 conn 144 real 0.000 wall 0.000 found 0 */ SELECT * FROM text_text WHERE MATCH('this') OPTION ranker=proximity;
/* Wed Mar  5 11:35:17.936 2014 conn 145 real 0.000 wall 0.000 found 0 */ SELECT * FROM text_text WHERE MATCH('this') OPTION ranker=proximity;
/* Wed Mar  5 11:35:18.185 2014 conn 146 real 0.000 wall 0.000 found 0 */ SELECT * FROM text_text WHERE MATCH('this') OPTION ranker=proximity;
/* Wed Mar  5 11:35:18.395 2014 conn 147 real 0.000 wall 0.000 found 0 */ SELECT * FROM text_text WHERE MATCH('this') OPTION ranker=proximity;
/* Wed Mar  5 11:35:18.762 2014 conn 148 real 0.000 wall 0.000 found 0 */ SELECT * FROM text_text WHERE MATCH('this') OPTION ranker=proximity;
/* Wed Mar  5 11:35:19.008 2014 conn 149 real 0.000 wall 0.000 found 0 */ SELECT * FROM text_text WHERE MATCH('this') OPTION ranker=proximity;
/* Wed Mar  5 11:35:19.254 2014 conn 150 real 0.000 wall 0.000 found 0 */ SELECT * FROM text_text WHERE MATCH('this') OPTION ranker=proximity;
/* Wed Mar  5 11:35:19.586 2014 conn 151 real 0.000 wall 0.000 found 0 */ SELECT * FROM text_text WHERE MATCH('this') OPTION ranker=proximity;
/* Wed Mar  5 11:35:29.774 2014 conn 152 real 0.000 wall 0.000 found 0 */ SELECT * FROM text_text WHERE MATCH('this') OPTION ranker=proximity;
/* Wed Mar  5 11:35:30.658 2014 conn 153 real 0.000 wall 0.000 found 0 */ SELECT * FROM text_text WHERE MATCH('this') OPTION ranker=proximity;
/* Wed Mar  5 11:35:30.958 2014 conn 154 real 0.000 wall 0.000 found 0 */ SELECT * FROM text_text WHERE MATCH('this') OPTION ranker=proximity;
/* Wed Mar  5 11:35:31.170 2014 conn 155 real 0.000 wall 0.000 found 0 */ SELECT * FROM text_text WHERE MATCH('this') OPTION ranker=proximity;
/* Wed Mar  5 11:35:31.380 2014 conn 156 real 0.000 wall 0.000 found 0 */ SELECT * FROM text_text WHERE MATCH('this') OPTION ranker=proximity;
/* Wed Mar  5 11:35:31.649 2014 conn 157 real 0.000 wall 0.000 found 0 */ SELECT * FROM text_text WHERE MATCH('this') OPTION ranker=proximity;
/* Wed Mar  5 12:12:48.771 2014 conn 158 real 0.000 wall 0.000 found 0 */ SELECT * FROM text_text WHERE MATCH('this') OPTION ranker=proximity;
/* Wed Mar  5 12:12:49.392 2014 conn 159 real 0.000 wall 0.000 found 0 */ SELECT * FROM text_text WHERE MATCH('this') OPTION ranker=proximity;
/* Wed Mar  5 12:12:49.607 2014 conn 160 real 0.000 wall 0.000 found 0 */ SELECT * FROM text_text WHERE MATCH('this') OPTION ranker=proximity;
/* Wed Mar  5 12:12:49.786 2014 conn 161 real 0.000 wall 0.000 found 0 */ SELECT * FROM text_text WHERE MATCH('this') OPTION ranker=proximity;
/* Wed Mar  5 12:21:42.423 2014 conn 162 real 0.000 wall 0.000 found 8 */ SELECT * FROM text_text;
/* Wed Mar  5 12:21:45.173 2014 conn 162 real 0.000 wall 0.000 found 8 */ SELECT * FROM text_text;
/* Wed Mar  5 12:24:14.845 2014 conn 162 real 0.000 wall 0.000 found 8 */ SELECT * FROM text_text;
/* Wed Mar  5 12:24:16.789 2014 conn 162 real 0.000 wall 0.000 found 8 */ SELECT * FROM text_text;
/* Wed Mar  5 12:24:35.845 2014 conn 162 real 0.000 wall 0.000 found 8 */ SELECT * FROM text_text;
/* Wed Mar  5 12:24:45.893 2014 conn 163 real 0.000 wall 0.000 found 8 */ SELECT * FROM text_text;
/* Wed Mar  5 12:24:47.845 2014 conn 163 real 0.000 wall 0.000 found 8 */ SELECT * FROM text_text;
/* Wed Mar  5 12:24:48.485 2014 conn 163 real 0.000 wall 0.000 found 8 */ SELECT * FROM text_text;
/* Wed Mar  5 12:25:25.124 2014 conn 164 real 0.000 wall 0.000 found 0 */ SELECT * FROM text_text WHERE MATCH('Hello') OPTION ranker=proximity;
/* Wed Mar  5 12:25:29.036 2014 conn 165 real 0.000 wall 0.000 found 0 */ SELECT * FROM text_text WHERE MATCH('Hello?') OPTION ranker=proximity;
/* Wed Mar  5 12:25:29.653 2014 conn 166 real 0.000 wall 0.000 found 0 */ SELECT * FROM text_text WHERE MATCH('Hello?') OPTION ranker=proximity;
/* Wed Mar  5 12:25:33.919 2014 conn 167 real 0.000 wall 0.000 found 1 */ SELECT * FROM text_text WHERE MATCH('hello') OPTION ranker=proximity;
/* Wed Mar  5 12:25:42.077 2014 conn 163 real 0.000 wall 0.000 found 8 */ SELECT * FROM text_text;
/* Wed Mar  5 12:25:42.789 2014 conn 163 real 0.000 wall 0.000 found 8 */ SELECT * FROM text_text;
/* Wed Mar  5 12:25:47.637 2014 conn 168 real 0.000 wall 0.000 found 8 */ SELECT * FROM text_text;
/* Wed Mar  5 12:28:32.330 2014 conn 169 real 0.000 wall 0.000 found 1 */ SELECT * FROM text_text WHERE MATCH('Hello') OPTION ranker=proximity;
/* Wed Mar  5 12:28:39.397 2014 conn 170 real 0.000 wall 0.000 found 1 */ SELECT * FROM text_text WHERE MATCH('Tesseract') OPTION ranker=proximity;
/* Wed Mar  5 12:28:40.613 2014 conn 171 real 0.000 wall 0.000 found 1 */ SELECT * FROM text_text WHERE MATCH('Tesseract') OPTION ranker=proximity;
/* Wed Mar  5 12:28:44.127 2014 conn 172 real 0.000 wall 0.000 found 2 */ SELECT * FROM text_text WHERE MATCH('world') OPTION ranker=proximity;
/* Wed Mar  5 12:28:49.945 2014 conn 173 real 0.000 wall 0.000 found 2 */ SELECT * FROM text_text WHERE MATCH('hello') OPTION ranker=proximity;
/* Wed Mar  5 12:30:54.853 2014 conn 174 real 0.000 wall 0.000 found 2 */ SELECT * FROM text_text WHERE MATCH('hao') OPTION ranker=proximity;
/* Wed Mar  5 12:31:00.970 2014 conn 175 real 0.000 wall 0.000 found 2 */ SELECT * FROM text_text WHERE MATCH('hao') OPTION ranker=proximity;
/* Wed Mar  5 12:31:13.832 2014 conn 176 real 0.000 wall 0.000 found 2 */ SELECT * FROM text_text WHERE MATCH('hao') OPTION ranker=proximity;
/* Wed Mar  5 12:31:20.294 2014 conn 177 real 0.000 wall 0.000 found 2 */ SELECT * FROM text_text WHERE MATCH('hao') OPTION ranker=proximity;
/* Wed Mar  5 12:31:38.214 2014 conn 178 real 0.000 wall 0.000 found 2 */ SELECT * FROM text_text WHERE MATCH('hanguo') OPTION ranker=proximity;
/* Wed Mar  5 12:31:56.784 2014 conn 179 real 0.000 wall 0.000 found 2 */ SELECT * FROM text_text WHERE MATCH('617') OPTION ranker=proximity;
/* Wed Mar  5 12:32:11.082 2014 conn 180 real 0.000 wall 0.000 found 1 */ SELECT * FROM text_text WHERE MATCH('Hello') OPTION ranker=proximity;
/* Wed Mar  5 12:32:17.703 2014 conn 181 real 0.000 wall 0.000 found 1 */ SELECT * FROM text_text WHERE MATCH('Hello') OPTION ranker=proximity;
/* Wed Mar  5 12:32:27.892 2014 conn 168 real 0.000 wall 0.000 found 8 */ SELECT * FROM text_text;
/* Wed Mar  5 12:32:29.502 2014 conn 168 real 0.000 wall 0.000 found 8 */ SELECT * FROM text_text;
/* Wed Mar  5 12:32:32.725 2014 conn 168 */ exi
t # error=sphinxql: syntax error, unexpected IDENT, expecting ATTACH (or 20 other tokens) near 'exi
t'
/* Wed Mar  5 12:32:40.974 2014 conn 182 real 0.000 wall 0.000 found 11 */ SELECT * FROM text_text;
/* Wed Mar  5 12:32:54.180 2014 conn 183 real 0.000 wall 0.000 found 3 */ SELECT * FROM text_text WHERE MATCH('ni') OPTION ranker=proximity;
/* Wed Mar  5 12:36:56.452 2014 conn 184 real 0.000 wall 0.000 found 2 */ SELECT * FROM text_text WHERE MATCH('617') OPTION ranker=proximity;
/* Wed Mar  5 12:36:57.730 2014 conn 185 real 0.000 wall 0.000 found 2 */ SELECT * FROM text_text WHERE MATCH('617') OPTION ranker=proximity;
/* Wed Mar  5 12:36:58.823 2014 conn 186 real 0.000 wall 0.000 found 2 */ SELECT * FROM text_text WHERE MATCH('617') OPTION ranker=proximity;
/* Wed Mar  5 12:37:39.272 2014 conn 187 real 0.000 wall 0.000 found 2 */ SELECT * FROM text_text WHERE MATCH('617') OPTION ranker=proximity;
/* Wed Mar  5 12:37:44.788 2014 conn 188 real 0.000 wall 0.000 found 2 */ SELECT * FROM text_text WHERE MATCH('hello') OPTION ranker=proximity;
/* Wed Mar  5 12:39:14.849 2014 conn 189 real 0.000 wall 0.000 found 2 */ SELECT * FROM text_text WHERE MATCH('hello') OPTION ranker=proximity;
/* Wed Mar  5 12:39:41.412 2014 conn 190 real 0.000 wall 0.000 found 2 */ SELECT * FROM text_text WHERE MATCH('hello') OPTION ranker=proximity;
/* Wed Mar  5 12:39:58.602 2014 conn 191 real 0.000 wall 0.000 found 2 */ SELECT * FROM text_text WHERE MATCH('hello') OPTION ranker=proximity;
/* Wed Mar  5 12:59:05.292 2014 conn 192 real 0.000 wall 0.000 found 0 */ SELECT * FROM text_text WHERE MATCH('this') OPTION ranker=proximity;
/* Wed Mar  5 12:59:10.765 2014 conn 193 real 0.000 wall 0.000 found 0 */ SELECT * FROM text_text WHERE MATCH('this') OPTION ranker=proximity;
/* Wed Mar  5 12:59:14.107 2014 conn 194 real 0.000 wall 0.000 found 1 */ SELECT * FROM text_text WHERE MATCH('a') OPTION ranker=proximity;
/* Wed Mar  5 13:00:04.912 2014 conn 195 real 0.000 wall 0.000 found 0 */ SELECT * FROM text_text WHERE MATCH('tesseract') OPTION ranker=proximity;
/* Wed Mar  5 13:00:07.623 2014 conn 196 real 0.000 wall 0.000 found 1 */ SELECT * FROM text_text WHERE MATCH('Tesseract') OPTION ranker=proximity;
/* Sun Mar  9 20:00:12.734 2014 conn 197 real 0.110 wall 0.110 found 2 */ SELECT * FROM text_text WHERE MATCH('617') OPTION ranker=proximity;
/* Sun Mar  9 21:27:26.565 2014 conn 198 real 0.024 wall 0.024 found 0 */ SELECT * FROM text_text WHERE MATCH('hello world') OPTION ranker=proximity; /* warning=query time exceeded max_query_time */
/* Sun Mar  9 21:27:30.495 2014 conn 199 real 0.000 wall 0.000 found 2 */ SELECT * FROM text_text WHERE MATCH('hello') OPTION ranker=proximity;
/* Tue Jan 13 04:19:39.236 2015 conn 1 real 0.000 wall 0.000 found 11 */ SELECT * FROM text_text OPTION ranker=proximity;
/* Tue Jan 13 04:20:23.210 2015 conn 2 real 0.006 wall 0.006 found 1 */ SELECT * FROM text_text WHERE MATCH('1') OPTION ranker=proximity;
/* Tue Jan 13 04:20:30.052 2015 conn 3 real 0.000 wall 0.000 found 1 */ SELECT * FROM text_text WHERE MATCH('6') OPTION ranker=proximity;
/* Tue Jan 13 04:20:31.492 2015 conn 4 real 0.000 wall 0.000 found 1 */ SELECT * FROM text_text WHERE MATCH('6') OPTION ranker=proximity;
/* Tue Jan 13 04:20:32.204 2015 conn 5 real 0.000 wall 0.000 found 1 */ SELECT * FROM text_text WHERE MATCH('6') OPTION ranker=proximity;
/* Tue Jan 13 04:20:44.963 2015 conn 6 real 0.000 wall 0.000 found 1 */ SELECT * FROM text_text WHERE MATCH('Dimension') OPTION ranker=proximity;
/* Tue Jan 13 04:20:45.990 2015 conn 7 real 0.000 wall 0.000 found 1 */ SELECT * FROM text_text WHERE MATCH('Dimension') OPTION ranker=proximity;
/* Tue Jan 13 04:20:46.267 2015 conn 8 real 0.000 wall 0.000 found 1 */ SELECT * FROM text_text WHERE MATCH('Dimension') OPTION ranker=proximity;
/* Tue Jan 13 04:20:51.108 2015 conn 9 real 0.000 wall 0.000 found 0 */ SELECT * FROM text_text WHERE MATCH('fsdf') OPTION ranker=proximity;
/* Tue Jan 13 04:20:55.953 2015 conn 10 real 0.000 wall 0.000 found 1 */ SELECT * FROM text_text WHERE MATCH('Dimension') OPTION ranker=proximity;
/* Tue Jan 13 04:23:01.257 2015 conn 11 real 0.000 wall 0.000 found 2 */ SELECT * FROM text_text WHERE MATCH('617') OPTION ranker=proximity;
/* Wed Jan 14 15:07:49.139 2015 conn 1 real 0.026 wall 0.026 found 2 */ SELECT * FROM text_text WHERE MATCH('617') OPTION ranker=proximity;
/* Wed Jan 14 17:21:23.427 2015 conn 2 real 0.000 wall 0.000 found 0 */ SELECT * FROM text_text WHERE MATCH('res') OPTION ranker=proximity;
/* Wed Jan 14 17:22:11.376 2015 conn 3 real 0.000 wall 0.000 found 2 */ SELECT * FROM text_text WHERE MATCH('617') OPTION ranker=proximity;
/* Wed Jan 14 17:22:17.652 2015 conn 4 real 0.000 wall 0.000 found 1 */ SELECT * FROM text_text WHERE MATCH('text') OPTION ranker=proximity;
/* Wed Jan 14 17:22:22.043 2015 conn 5 real 0.000 wall 0.000 found 0 */ SELECT * FROM text_text WHERE MATCH('te') OPTION ranker=proximity;
/* Wed Jan 14 17:22:24.955 2015 conn 6 real 0.000 wall 0.000 found 0 */ SELECT * FROM text_text WHERE MATCH('t') OPTION ranker=proximity;
/* Wed Jan 14 17:22:28.461 2015 conn 7 real 0.000 wall 0.000 found 0 */ SELECT * FROM text_text WHERE MATCH('demo') OPTION ranker=proximity;
/* Wed Jan 14 17:22:32.916 2015 conn 8 real 0.000 wall 0.000 found 0 */ SELECT * FROM text_text WHERE MATCH('price') OPTION ranker=proximity;
/* Wed Jan 14 17:22:33.505 2015 conn 9 real 0.000 wall 0.000 found 0 */ SELECT * FROM text_text WHERE MATCH('price') OPTION ranker=proximity;
/* Wed Jan 14 17:22:33.734 2015 conn 10 real 0.000 wall 0.000 found 0 */ SELECT * FROM text_text WHERE MATCH('price') OPTION ranker=proximity;
/* Wed Jan 14 17:22:33.928 2015 conn 11 real 0.000 wall 0.000 found 0 */ SELECT * FROM text_text WHERE MATCH('price') OPTION ranker=proximity;
/* Wed Jan 14 17:22:34.135 2015 conn 12 real 0.000 wall 0.000 found 0 */ SELECT * FROM text_text WHERE MATCH('price') OPTION ranker=proximity;
/* Wed Jan 14 17:22:49.013 2015 conn 1 real 0.000 wall 0.000 found 0 */ SELECT * FROM text_text WHERE MATCH('price') OPTION ranker=proximity;
/* Wed Jan 14 17:22:49.549 2015 conn 2 real 0.000 wall 0.000 found 0 */ SELECT * FROM text_text WHERE MATCH('price') OPTION ranker=proximity;
/* Wed Jan 14 17:22:49.890 2015 conn 3 real 0.000 wall 0.000 found 0 */ SELECT * FROM text_text WHERE MATCH('price') OPTION ranker=proximity;
/* Wed Jan 14 17:22:50.171 2015 conn 4 real 0.000 wall 0.000 found 0 */ SELECT * FROM text_text WHERE MATCH('price') OPTION ranker=proximity;
/* Wed Jan 14 17:22:50.405 2015 conn 5 real 0.000 wall 0.000 found 0 */ SELECT * FROM text_text WHERE MATCH('price') OPTION ranker=proximity;
/* Wed Jan 14 17:46:27.048 2015 conn 6 real 0.001 wall 0.001 found 1 */ SELECT * FROM text_text WHERE MATCH('OFFER') OPTION ranker=proximity;
/* Thu Jan 15 22:21:16.201 2015 conn 1 real 0.040 wall 0.040 found 6 */ SELECT * FROM text_text WHERE MATCH('a') OPTION ranker=proximity;
/* Thu Jan 15 22:23:11.508 2015 conn 2 real 0.000 wall 0.000 found 1 */ SELECT * FROM text_text WHERE MATCH('Day') OPTION ranker=proximity;
/* Thu Jan 15 22:23:15.982 2015 conn 3 real 0.000 wall 0.000 found 1 */ SELECT * FROM text_text WHERE MATCH('test') OPTION ranker=proximity;
/* Thu Jan 15 22:23:21.108 2015 conn 4 real 0.000 wall 0.000 found 0 */ SELECT * FROM text_text WHERE MATCH('hello') OPTION ranker=proximity;
/* Thu Jan 15 22:23:26.376 2015 conn 5 real 0.000 wall 0.000 found 6 */ SELECT * FROM text_text WHERE MATCH('and') OPTION ranker=proximity;
/* Thu Jan 15 23:03:15.842 2015 conn 6 real 0.000 wall 0.000 found 1 */ SELECT * FROM text_text WHERE MATCH('Day') OPTION ranker=proximity;
/* Thu Jan 15 23:03:19.810 2015 conn 7 real 0.000 wall 0.000 found 6 */ SELECT * FROM text_text WHERE MATCH('and') OPTION ranker=proximity;
/* Thu Jan 15 23:03:26.753 2015 conn 8 real 0.000 wall 0.000 found 0 */ SELECT * FROM text_text WHERE MATCH('including') OPTION ranker=proximity;
/* Thu Jan 15 23:03:30.418 2015 conn 9 real 0.000 wall 0.000 found 1 */ SELECT * FROM text_text WHERE MATCH('amazon') OPTION ranker=proximity;
/* Thu Jan 15 23:03:35.274 2015 conn 10 real 0.000 wall 0.000 found 6 */ SELECT * FROM text_text WHERE MATCH('to') OPTION ranker=proximity;
/* Thu Jan 15 23:03:39.754 2015 conn 11 real 0.000 wall 0.000 found 0 */ SELECT * FROM text_text WHERE MATCH('car') OPTION ranker=proximity;
/* Thu Jan 15 23:03:43.207 2015 conn 12 real 0.000 wall 0.000 found 1 */ SELECT * FROM text_text WHERE MATCH('me') OPTION ranker=proximity;
